\BOOKMARK [1][-]{section.1}{Was ist Informatik?}{}% 1
\BOOKMARK [1][-]{section.2}{Automatentheorie}{}% 2
\BOOKMARK [1][-]{section.3}{Formale Sprachen}{}% 3
\BOOKMARK [1][-]{section.4}{Kurze Einf\374hrung in formale Beweise}{}% 4
\BOOKMARK [1][-]{section.5}{Unendlichkeit}{}% 5
\BOOKMARK [1][-]{section.6}{Endliche Automaten}{}% 6
\BOOKMARK [1][-]{section.7}{Nichtdeterministische erstaunliche Endliche Automaten \(NEA\)}{}% 7
\BOOKMARK [1][-]{section.8}{NEAs mit -\334berg\344ngen}{}% 8
\BOOKMARK [1][-]{section.9}{-H\374llen}{}% 9
\BOOKMARK [1][-]{section.10}{Erweiterung der \334bergangsfunktion auf W\366rter}{}% 10
\BOOKMARK [1][-]{section.11}{Umwandlung von -NEAs in DEAs}{}% 11
\BOOKMARK [1][-]{section.12}{Regul\344re Ausdr\374cke}{}% 12
\BOOKMARK [1][-]{section.13}{Operatoren f\374r regul\344re Ausdr\374cken}{}% 13
\BOOKMARK [1][-]{section.14}{Bedeutung regul\344rer Ausdr\374cke}{}% 14
\BOOKMARK [1][-]{section.15}{Anwendungsbeispiel f\374r RA}{}% 15
\BOOKMARK [1][-]{section.16}{Eine ganz neue Idee}{}% 16
\BOOKMARK [1][-]{section.17}{Regul\344re Sprachen und ihre Eigenschaften}{}% 17
\BOOKMARK [2][-]{subsection.17.1}{Abschlusseigenschaften regul\344rer Sprachen}{section.17}% 18
\BOOKMARK [2][-]{subsection.17.2}{Nichtregularit\344t}{section.17}% 19
\BOOKMARK [2][-]{subsection.17.3}{Verallgemeinerung der Methode}{section.17}% 20
\BOOKMARK [2][-]{subsection.17.4}{Anwendung des Pumping-Lemmas gegen einen Gegner}{section.17}% 21
\BOOKMARK [1][-]{section.18}{Regul\344re Grammatiken}{}% 22
\BOOKMARK [1][-]{section.19}{Kontextfreie Grammatiken}{}% 23
\BOOKMARK [1][-]{section.20}{Vereinfachung von kontextfreien Grammatiken}{}% 24
\BOOKMARK [1][-]{section.21}{Chomsky-Normalform}{}% 25
\BOOKMARK [1][-]{section.22}{Anwendung der Chomsky-Normalform}{}% 26
\BOOKMARK [1][-]{section.23}{CYK \(Cocke, Younger, Kasami\)-Algorithmus}{}% 27
\BOOKMARK [1][-]{section.24}{Kellerautomaten \(Pushdown Automata, PDA\)}{}% 28
\BOOKMARK [1][-]{section.25}{\304quivalenz von kontextfreier Grammatik und PDA}{}% 29
\BOOKMARK [1][-]{section.26}{Turingmaschine}{}% 30
\BOOKMARK [1][-]{section.27}{Berechnung eine TM auf der Eingabe x}{}% 31
\BOOKMARK [1][-]{section.28}{Universelle Turingmaschine}{}% 32
\BOOKMARK [1][-]{section.29}{Aufz\344hlung von W\366rtern}{}% 33
\BOOKMARK [1][-]{section.30}{Aufz\344hlung von Turingmaschinen}{}% 34
\BOOKMARK [1][-]{section.31}{Berechenbarkeit}{}% 35
\BOOKMARK [1][-]{section.32}{Die Diagonalisierungssprache}{}% 36
\BOOKMARK [2][-]{subsection.32.1}{Methode der Diagonalisierung}{section.32}% 37
